<?xml version="1.0" encoding="UTF-8"?>
<testng-results ignored="0" total="1" passed="1" failed="0" skipped="0">
  <reporter-output>
  </reporter-output>
  <suite started-at="2023-04-25T02:28:06 EDT" name="Default suite" finished-at="2023-04-25T02:38:05 EDT" duration-ms="599046">
    <groups>
    </groups>
    <test started-at="2023-04-25T02:28:06 EDT" name="Default test" finished-at="2023-04-25T02:38:05 EDT" duration-ms="599046">
      <class name="recipe_pkg.RecipeScrapping2">
        <test-method is-config="true" signature="firstStep()[pri:0, instance:recipe_pkg.RecipeScrapping2@639c2c1d]" started-at="2023-04-25T02:28:06 EDT" name="firstStep" finished-at="2023-04-25T02:28:15 EDT" duration-ms="8629" status="PASS">
          <reporter-output>
          </reporter-output>
        </test-method> <!-- firstStep -->
        <test-method signature="recipeCard()[pri:0, instance:recipe_pkg.RecipeScrapping2@639c2c1d]" started-at="2023-04-25T02:28:15 EDT" name="recipeCard" finished-at="2023-04-25T02:38:04 EDT" duration-ms="589748" status="PASS">
          <reporter-output>
          </reporter-output>
        </test-method> <!-- recipeCard -->
        <test-method is-config="true" signature="quitBrowser()[pri:0, instance:recipe_pkg.RecipeScrapping2@639c2c1d]" started-at="2023-04-25T02:38:04 EDT" name="quitBrowser" finished-at="2023-04-25T02:38:05 EDT" duration-ms="625" status="PASS">
          <reporter-output>
          </reporter-output>
        </test-method> <!-- quitBrowser -->
      </class> <!-- recipe_pkg.RecipeScrapping2 -->
    </test> <!-- Default test -->
  </suite> <!-- Default suite -->
</testng-results>
